# JRE version: Java(TM) SE Runtime Environment (17.0.10+11) (build 17.0.10+11-LTS-240)
# Java VM: Java HotSpot(TM) 64-Bit Server VM (17.0.10+11-LTS-240, mixed mode, sharing, tiered, compressed oops, compressed class ptrs, g1 gc, windows-amd64)
GC Precious Log:
 CPUs: 8 total, 8 available
 Memory: 20255M
 Large Page Support: Disabled
 NUMA Support: Disabled
 Compressed Oops: Enabled (Zero based)
 Heap Region Size: 4M
 Heap Min Capacity: 8M
 Heap Initial Capacity: 320M
 Heap Max Capacity: 5064M
 Pre-touch: Disabled
 Parallel Workers: 8
 Concurrent Workers: 2
 Concurrent Refinement Workers: 8
 Periodic GC: Disabled
Heap:
 garbage-first heap   total 192512K, used 72023K [0x00000006c3800000, 0x0000000800000000)
  region size 4096K, 6 young (24576K), 1 survivors (4096K)
 Metaspace       used 84213K, committed 84864K, reserved 1179648K
  class space    used 11267K, committed 11584K, reserved 1048576K
GC Heap History (20 events):
Event: 102.262 GC heap before
{Heap before GC invocations=38 (full 0):
 garbage-first heap   total 192512K, used 153902K [0x00000006c3800000, 0x0000000800000000)
  region size 4096K, 27 young (110592K), 2 survivors (8192K)
 Metaspace       used 84192K, committed 84800K, reserved 1179648K
  class space    used 11264K, committed 11584K, reserved 1048576K
}
Event: 102.271 GC heap after
{Heap after GC invocations=39 (full 0):
 garbage-first heap   total 192512K, used 55488K [0x00000006c3800000, 0x0000000800000000)
  region size 4096K, 2 young (8192K), 2 survivors (8192K)
 Metaspace       used 84192K, committed 84800K, reserved 1179648K
  class space    used 11264K, committed 11584K, reserved 1048576K
}
Event: 108.616 GC heap before
{Heap before GC invocations=39 (full 0):
 garbage-first heap   total 192512K, used 153792K [0x00000006c3800000, 0x0000000800000000)
  region size 4096K, 27 young (110592K), 2 survivors (8192K)
 Metaspace       used 84192K, committed 84800K, reserved 1179648K
  class space    used 11264K, committed 11584K, reserved 1048576K
}
Event: 108.626 GC heap after
{Heap after GC invocations=40 (full 0):
 garbage-first heap   total 192512K, used 55715K [0x00000006c3800000, 0x0000000800000000)
  region size 4096K, 2 young (8192K), 2 survivors (8192K)
 Metaspace       used 84192K, committed 84800K, reserved 1179648K
  class space    used 11264K, committed 11584K, reserved 1048576K
}
Event: 115.254 GC heap before
{Heap before GC invocations=40 (full 0):
 garbage-first heap   total 192512K, used 158115K [0x00000006c3800000, 0x0000000800000000)
  region size 4096K, 27 young (110592K), 2 survivors (8192K)
 Metaspace       used 84192K, committed 84800K, reserved 1179648K
  class space    used 11264K, committed 11584K, reserved 1048576K
}
Event: 115.267 GC heap after
{Heap after GC invocations=41 (full 0):
 garbage-first heap   total 192512K, used 55668K [0x00000006c3800000, 0x0000000800000000)
  region size 4096K, 2 young (8192K), 2 survivors (8192K)
 Metaspace       used 84192K, committed 84800K, reserved 1179648K
  class space    used 11264K, committed 11584K, reserved 1048576K
}
Event: 122.322 GC heap before
{Heap before GC invocations=41 (full 0):
 garbage-first heap   total 192512K, used 158068K [0x00000006c3800000, 0x0000000800000000)
  region size 4096K, 27 young (110592K), 2 survivors (8192K)
 Metaspace       used 84192K, committed 84800K, reserved 1179648K
  class space    used 11264K, committed 11584K, reserved 1048576K
}
Event: 122.330 GC heap after
{Heap after GC invocations=42 (full 0):
 garbage-first heap   total 192512K, used 55780K [0x00000006c3800000, 0x0000000800000000)
  region size 4096K, 2 young (8192K), 2 survivors (8192K)
 Metaspace       used 84192K, committed 84800K, reserved 1179648K
  class space    used 11264K, committed 11584K, reserved 1048576K
}
Event: 127.640 GC heap before
{Heap before GC invocations=42 (full 0):
 garbage-first heap   total 192512K, used 154084K [0x00000006c3800000, 0x0000000800000000)
  region size 4096K, 27 young (110592K), 2 survivors (8192K)
 Metaspace       used 84194K, committed 84864K, reserved 1179648K
  class space    used 11265K, committed 11584K, reserved 1048576K
}
Event: 127.651 GC heap after
{Heap after GC invocations=43 (full 0):
 garbage-first heap   total 192512K, used 55672K [0x00000006c3800000, 0x0000000800000000)
  region size 4096K, 2 young (8192K), 2 survivors (8192K)
 Metaspace       used 84194K, committed 84864K, reserved 1179648K
  class space    used 11265K, committed 11584K, reserved 1048576K
}
Event: 133.134 GC heap before
{Heap before GC invocations=43 (full 0):
 garbage-first heap   total 192512K, used 158072K [0x00000006c3800000, 0x0000000800000000)
  region size 4096K, 27 young (110592K), 2 survivors (8192K)
 Metaspace       used 84194K, committed 84864K, reserved 1179648K
  class space    used 11265K, committed 11584K, reserved 1048576K
}
Event: 133.147 GC heap after
{Heap after GC invocations=44 (full 0):
 garbage-first heap   total 192512K, used 55830K [0x00000006c3800000, 0x0000000800000000)
  region size 4096K, 1 young (4096K), 1 survivors (4096K)
 Metaspace       used 84194K, committed 84864K, reserved 1179648K
  class space    used 11265K, committed 11584K, reserved 1048576K
}
Event: 138.128 GC heap before
{Heap before GC invocations=44 (full 0):
 garbage-first heap   total 192512K, used 158230K [0x00000006c3800000, 0x0000000800000000)
  region size 4096K, 27 young (110592K), 1 survivors (4096K)
 Metaspace       used 84208K, committed 84864K, reserved 1179648K
  class space    used 11267K, committed 11584K, reserved 1048576K
}
Event: 138.131 GC heap after
{Heap after GC invocations=45 (full 0):
 garbage-first heap   total 192512K, used 55669K [0x00000006c3800000, 0x0000000800000000)
  region size 4096K, 1 young (4096K), 1 survivors (4096K)
 Metaspace       used 84208K, committed 84864K, reserved 1179648K
  class space    used 11267K, committed 11584K, reserved 1048576K
}
Event: 143.940 GC heap before
{Heap before GC invocations=45 (full 0):
 garbage-first heap   total 192512K, used 158069K [0x00000006c3800000, 0x0000000800000000)
  region size 4096K, 27 young (110592K), 1 survivors (4096K)
 Metaspace       used 84210K, committed 84864K, reserved 1179648K
  class space    used 11267K, committed 11584K, reserved 1048576K
}
Event: 143.941 GC heap after
{Heap after GC invocations=46 (full 0):
 garbage-first heap   total 192512K, used 55661K [0x00000006c3800000, 0x0000000800000000)
  region size 4096K, 1 young (4096K), 1 survivors (4096K)
 Metaspace       used 84210K, committed 84864K, reserved 1179648K
  class space    used 11267K, committed 11584K, reserved 1048576K
}
Event: 148.914 GC heap before
{Heap before GC invocations=46 (full 0):
 garbage-first heap   total 192512K, used 158061K [0x00000006c3800000, 0x0000000800000000)
  region size 4096K, 27 young (110592K), 1 survivors (4096K)
 Metaspace       used 84210K, committed 84864K, reserved 1179648K
  class space    used 11267K, committed 11584K, reserved 1048576K
}
Event: 148.915 GC heap after
{Heap after GC invocations=47 (full 0):
 garbage-first heap   total 192512K, used 55626K [0x00000006c3800000, 0x0000000800000000)
  region size 4096K, 1 young (4096K), 1 survivors (4096K)
 Metaspace       used 84210K, committed 84864K, reserved 1179648K
  class space    used 11267K, committed 11584K, reserved 1048576K
}
Event: 154.880 GC heap before
{Heap before GC invocations=47 (full 0):
 garbage-first heap   total 192512K, used 158026K [0x00000006c3800000, 0x0000000800000000)
  region size 4096K, 27 young (110592K), 1 survivors (4096K)
 Metaspace       used 84213K, committed 84864K, reserved 1179648K
  class space    used 11267K, committed 11584K, reserved 1048576K
}
Event: 154.881 GC heap after
{Heap after GC invocations=48 (full 0):
 garbage-first heap   total 192512K, used 55639K [0x00000006c3800000, 0x0000000800000000)
  region size 4096K, 1 young (4096K), 1 survivors (4096K)
 Metaspace       used 84213K, committed 84864K, reserved 1179648K
  class space    used 11267K, committed 11584K, reserved 1048576K
}

